<?xml version="1.0" encoding="UTF-8"?>
<!-- Generated by org.testng.reporters.JUnitReportReporter -->
<testsuite hostname="JOS" name="test.VerifyCreateNewStage" tests="3" failures="0" timestamp="5 Feb 2015 18:45:38 GMT" time="6.676" errors="0">
  <testcase name="testVerifyNewStageCreated" time="1.772" classname="test.VerifyCreateNewStage"/>
  <testcase name="testVerifyNewStageCreated" time="2.732" classname="test.VerifyCreateNewStage"/>
  <testcase name="testVerifyNewStageCreated" time="2.172" classname="test.VerifyCreateNewStage"/>
</testsuite> <!-- test.VerifyCreateNewStage -->
