<?xml version="1.0" encoding="UTF-8"?>
<!-- Generated by org.testng.reporters.JUnitReportReporter -->
<testsuite hostname="JOS" name="test.CreateNewProgram" tests="1" failures="0" timestamp="28 Jan 2015 21:37:18 GMT" time="2.621" errors="0">
  <testcase name="createNewProgram" time="2.621" classname="test.CreateNewProgram"/>
</testsuite> <!-- test.CreateNewProgram -->
