<?xml version="1.0" encoding="UTF-8"?>
<!-- Generated by org.testng.reporters.JUnitReportReporter -->
<testsuite hostname="JOS" name="test.VerifyCreateNewStage" tests="3" failures="0" timestamp="4 Feb 2015 21:22:01 GMT" time="5.275" errors="0">
  <testcase name="testVerifyNewStageCreated" time="2.072" classname="test.VerifyCreateNewStage"/>
  <testcase name="testVerifyNewStageCreated" time="1.529" classname="test.VerifyCreateNewStage"/>
  <testcase name="testVerifyNewStageCreated" time="1.674" classname="test.VerifyCreateNewStage"/>
</testsuite> <!-- test.VerifyCreateNewStage -->
