<?xml version="1.0" encoding="UTF-8"?>
<!-- Generated by org.testng.reporters.JUnitReportReporter -->
<testsuite hostname="JOS" name="test.SeeApplicants" tests="1" failures="0" timestamp="1 Feb 2015 14:57:06 GMT" time="12.723" errors="0">
  <testcase name="verifyApplicant" time="12.723" classname="test.SeeApplicants"/>
</testsuite> <!-- test.SeeApplicants -->
