<?xml version="1.0" encoding="UTF-8"?>
<!-- Generated by org.testng.reporters.JUnitReportReporter -->
<testsuite hostname="JOS" name="test.SeeApplicants" tests="1" failures="0" timestamp="4 Feb 2015 21:22:01 GMT" time="1.415" errors="0">
  <testcase name="verifyApplicant" time="1.415" classname="test.SeeApplicants"/>
</testsuite> <!-- test.SeeApplicants -->
