<?xml version="1.0" encoding="UTF-8"?>
<!-- Generated by org.testng.reporters.JUnitReportReporter -->
<testsuite hostname="JOS" name="test.LoginLikeAnAdministrator" tests="1" failures="0" timestamp="26 Jan 2015 04:08:07 GMT" time="4.219" errors="0">
  <testcase name="verifyLogin" time="4.219" classname="test.LoginLikeAnAdministrator"/>
</testsuite> <!-- test.LoginLikeAnAdministrator -->
