<?xml version="1.0" encoding="UTF-8"?>
<!-- Generated by org.testng.reporters.JUnitReportReporter -->
<testsuite hostname="JOS" name="test.VerifyCreateNewRegisteredUser" tests="3" failures="0" timestamp="4 Feb 2015 21:22:01 GMT" time="7.712" errors="0">
  <testcase name="testVerifyNewRegisteredUserCreated" time="2.580" classname="test.VerifyCreateNewRegisteredUser"/>
  <testcase name="testVerifyNewRegisteredUserCreated" time="2.283" classname="test.VerifyCreateNewRegisteredUser"/>
  <testcase name="testVerifyNewRegisteredUserCreated" time="2.849" classname="test.VerifyCreateNewRegisteredUser"/>
</testsuite> <!-- test.VerifyCreateNewRegisteredUser -->
