<?xml version="1.0" encoding="UTF-8"?>
<!-- Generated by org.testng.reporters.JUnitReportReporter -->
<testsuite hostname="JOS" name="test.VerifyCreateNewStage" tests="3" failures="0" timestamp="1 Feb 2015 14:57:06 GMT" time="68.943" errors="0">
  <testcase name="testVerifyNewStageCreated" time="24.642" classname="test.VerifyCreateNewStage"/>
  <testcase name="testVerifyNewStageCreated" time="20.198" classname="test.VerifyCreateNewStage"/>
  <testcase name="testVerifyNewStageCreated" time="24.103" classname="test.VerifyCreateNewStage"/>
</testsuite> <!-- test.VerifyCreateNewStage -->
