<?xml version="1.0" encoding="UTF-8"?>
<!-- Generated by org.testng.reporters.JUnitReportReporter -->
<testsuite hostname="JOS" name="test.CreateNewStage" tests="3" failures="0" timestamp="28 Jan 2015 21:37:18 GMT" time="5.079" errors="0">
  <testcase name="createNewStage" time="1.954" classname="test.CreateNewStage"/>
  <testcase name="createNewStage" time="1.578" classname="test.CreateNewStage"/>
  <testcase name="createNewStage" time="1.547" classname="test.CreateNewStage"/>
</testsuite> <!-- test.CreateNewStage -->
