<?xml version="1.0" encoding="UTF-8"?>
<!-- Generated by org.testng.reporters.JUnitReportReporter -->
<testsuite hostname="JOS" name="test.SeeRegisteredUsers" tests="1" failures="0" timestamp="4 Feb 2015 21:22:01 GMT" time="0.629" errors="0">
  <testcase name="SeeUsers" time="0.629" classname="test.SeeRegisteredUsers"/>
</testsuite> <!-- test.SeeRegisteredUsers -->
