<?xml version="1.0" encoding="UTF-8"?>
<!-- Generated by org.testng.reporters.JUnitReportReporter -->
<testsuite hostname="JOS" name="test.LoginTest" tests="1" failures="0" timestamp="23 Jan 2015 04:01:16 GMT" time="6.437" errors="0">
  <testcase name="verifyLogin" time="6.437" classname="test.LoginTest"/>
</testsuite> <!-- test.LoginTest -->
