<?xml version="1.0" encoding="UTF-8"?>
<!-- Generated by org.testng.reporters.JUnitReportReporter -->
<testsuite hostname="JOS" name="test.SeeRegisteredUsers" tests="1" failures="0" timestamp="1 Feb 2015 14:57:06 GMT" time="6.907" errors="0">
  <testcase name="SeeUsers" time="6.907" classname="test.SeeRegisteredUsers"/>
</testsuite> <!-- test.SeeRegisteredUsers -->
