<?xml version="1.0" encoding="UTF-8"?>
<!-- Generated by org.testng.reporters.JUnitReportReporter -->
<testsuite hostname="JOS" name="test.CreateNewRegisteredUser" tests="3" failures="0" timestamp="28 Jan 2015 21:37:18 GMT" time="7.860" errors="0">
  <testcase name="VerifyNewRegisteredUserCreated" time="2.532" classname="test.CreateNewRegisteredUser"/>
  <testcase name="VerifyNewRegisteredUserCreated" time="2.672" classname="test.CreateNewRegisteredUser"/>
  <testcase name="VerifyNewRegisteredUserCreated" time="2.656" classname="test.CreateNewRegisteredUser"/>
</testsuite> <!-- test.CreateNewRegisteredUser -->
