<?xml version="1.0" encoding="UTF-8"?>
<!-- Generated by org.testng.reporters.JUnitReportReporter -->
<testsuite hostname="JOS" name="test.VerifyCreateNewRegisteredUser" tests="3" failures="0" timestamp="5 Feb 2015 18:45:38 GMT" time="9.429" errors="0">
  <testcase name="testVerifyNewRegisteredUserCreated" time="2.584" classname="test.VerifyCreateNewRegisteredUser"/>
  <testcase name="testVerifyNewRegisteredUserCreated" time="3.053" classname="test.VerifyCreateNewRegisteredUser"/>
  <testcase name="testVerifyNewRegisteredUserCreated" time="3.792" classname="test.VerifyCreateNewRegisteredUser"/>
</testsuite> <!-- test.VerifyCreateNewRegisteredUser -->
