<?xml version="1.0" encoding="UTF-8"?>
<!-- Generated by org.testng.reporters.JUnitReportReporter -->
<testsuite hostname="JOS" name="test.VerifyCreateNewProgram" tests="1" failures="0" timestamp="4 Feb 2015 21:22:01 GMT" time="2.368" errors="0">
  <testcase name="testVerifyNewProgramCreated" time="2.368" classname="test.VerifyCreateNewProgram"/>
</testsuite> <!-- test.VerifyCreateNewProgram -->
