<?xml version="1.0" encoding="UTF-8"?>
<!-- Generated by org.testng.reporters.JUnitReportReporter -->
<testsuite hostname="JOS" name="test.CalculatorTest" tests="2" failures="0" timestamp="22 Jan 2015 03:54:42 GMT" time="10.821" errors="0">
  <testcase name="addition" time="3.263" classname="test.CalculatorTest"/>
  <testcase name="substraction" time="7.558" classname="test.CalculatorTest"/>
</testsuite> <!-- test.CalculatorTest -->
