<?xml version="1.0" encoding="UTF-8"?>
<!-- Generated by org.testng.reporters.JUnitReportReporter -->
<testsuite hostname="JOS" name="test.VerifyCreateNewProgram" tests="1" failures="0" timestamp="5 Feb 2015 18:45:38 GMT" time="2.396" errors="0">
  <testcase name="testVerifyNewProgramCreated" time="2.396" classname="test.VerifyCreateNewProgram"/>
</testsuite> <!-- test.VerifyCreateNewProgram -->
